app/build/outputs/logs/manifest-merger-release-report.txt
-- Merging decision tree log ---
manifest
ADDED from src\main\AndroidManifest.xml:2:1-520:12
	package
		ADDED from src\main\AndroidManifest.xml:3:5-24
		INJECTED from src\main\AndroidManifest.xml
		INJECTED from src\main\AndroidManifest.xml
	android:versionName
		INJECTED from src\main\AndroidManifest.xml
		INJECTED from src\main\AndroidManifest.xml
	xmlns:android
		ADDED from src\main\AndroidManifest.xml:2:11-69
	android:versionCode
		INJECTED from src\main\AndroidManifest.xml
		INJECTED from src\main\AndroidManifest.xml
supports-screens
ADDED from src\main\AndroidManifest.xml:5:5-10:39
MERGED from [:lib.5plus.base-release:] AndroidManifest.xml:9:5-14:39
	android:largeScreens
		ADDED from src\main\AndroidManifest.xml:7:9-36
	android:smallScreens
		ADDED from src\main\AndroidManifest.xml:10:9-36
	android:normalScreens
		ADDED from src\main\AndroidManifest.xml:8:9-37
	android:resizeable
		ADDED from src\main\AndroidManifest.xml:9:9-34
	android:anyDensity
		ADDED from src\main\AndroidManifest.xml:6:9-34
uses-permission#android.permission.CAMERA
ADDED from src\main\AndroidManifest.xml:13:5-65
MERGED from [:lib.5plus.base-release:] AndroidManifest.xml:29:5-65
	android:name
		ADDED from src\main\AndroidManifest.xml:13:22-62
uses-permission#android.permission.WRITE_EXTERNAL_STORAGE
ADDED from src\main\AndroidManifest.xml:14:5-81
MERGED from [:lib.5plus.base-release:] AndroidManifest.xml:16:5-81
MERGED from [cn.jiguang.sdk:jpush:3.1.5] AndroidManifest.xml:21:5-81
	android:name
		ADDED from src\main\AndroidManifest.xml:14:22-78
uses-feature#android.hardware.camera
ADDED from src\main\AndroidManifest.xml:16:5-60
MERGED from [:lib.5plus.base-release:] AndroidManifest.xml:38:5-60
	android:name
		ADDED from src\main\AndroidManifest.xml:16:19-57
uses-feature#android.hardware.camera.autofocus
ADDED from src\main\AndroidManifest.xml:17:5-70
MERGED from [:lib.5plus.base-release:] AndroidManifest.xml:24:5-70
	android:name
		ADDED from src\main\AndroidManifest.xml:17:19-67
uses-permission#android.permission.VIBRATE
ADDED from src\main\AndroidManifest.xml:19:5-66
MERGED from [cn.jiguang.sdk:jpush:3.1.5] AndroidManifest.xml:24:5-66
	android:name
		ADDED from src\main\AndroidManifest.xml:19:22-63
uses-permission#android.permission.FLASHLIGHT
ADDED from src\main\AndroidManifest.xml:20:5-69
MERGED from [:lib.5plus.base-release:] AndroidManifest.xml:36:5-69
	android:name
		ADDED from src\main\AndroidManifest.xml:20:22-66
uses-permission#android.permission.INTERNET
ADDED from src\main\AndroidManifest.xml:26:5-67
MERGED from [:lib.5plus.base-release:] AndroidManifest.xml:17:5-67
MERGED from [:lib.5plus.base-release:] AndroidManifest.xml:34:5-67
MERGED from [cn.jiguang.sdk:jpush:3.1.5] AndroidManifest.xml:18:5-67
	android:name
		ADDED from src\main\AndroidManifest.xml:26:22-64
uses-permission#android.permission.ACCESS_COARSE_LOCATION
ADDED from src\main\AndroidManifest.xml:28:5-81
MERGED from [cn.jiguang.sdk:jpush:3.1.5] AndroidManifest.xml:31:5-81
	android:name
		ADDED from src\main\AndroidManifest.xml:28:22-78
uses-permission#android.permission.ACCESS_FINE_LOCATION
ADDED from src\main\AndroidManifest.xml:29:5-79
MERGED from [cn.jiguang.sdk:jpush:3.1.5] AndroidManifest.xml:33:5-79
	android:name
		ADDED from src\main\AndroidManifest.xml:29:22-76
uses-permission#android.permission.WRITE_SETTINGS
ADDED from src\main\AndroidManifest.xml:30:5-73
MERGED from [cn.jiguang.sdk:jpush:3.1.5] AndroidManifest.xml:23:5-73
	android:name
		ADDED from src\main\AndroidManifest.xml:30:22-70
uses-permission#android.permission.ACCESS_NETWORK_STATE
ADDED from src\main\AndroidManifest.xml:31:5-79
MERGED from [:lib.5plus.base-release:] AndroidManifest.xml:18:5-79
MERGED from [:lib.5plus.base-release:] AndroidManifest.xml:27:5-79
MERGED from [cn.jiguang.sdk:jpush:3.1.5] AndroidManifest.xml:26:5-79
	android:name
		ADDED from src\main\AndroidManifest.xml:31:22-76
uses-permission#android.permission.CHANGE_WIFI_STATE
ADDED from src\main\AndroidManifest.xml:32:5-76
MERGED from [cn.jiguang.sdk:jpush:3.1.5] AndroidManifest.xml:32:5-76
	android:name
		ADDED from src\main\AndroidManifest.xml:32:22-73
uses-permission#android.permission.READ_PHONE_STATE
ADDED from src\main\AndroidManifest.xml:33:5-75
MERGED from [:lib.5plus.base-release:] AndroidManifest.xml:35:5-75
MERGED from [cn.jiguang.sdk:jpush:3.1.5] AndroidManifest.xml:20:5-75
	android:name
		ADDED from src\main\AndroidManifest.xml:33:22-72
uses-permission#android.permission.MOUNT_UNMOUNT_FILESYSTEMS
ADDED from src\main\AndroidManifest.xml:34:5-84
MERGED from [cn.jiguang.sdk:jpush:3.1.5] AndroidManifest.xml:25:5-84
	android:name
		ADDED from src\main\AndroidManifest.xml:34:22-81
uses-permission#android.permission.READ_LOGS
ADDED from src\main\AndroidManifest.xml:35:5-68
	android:name
		ADDED from src\main\AndroidManifest.xml:35:22-65
uses-permission#android.permission.WAKE_LOCK
ADDED from src\main\AndroidManifest.xml:71:5-68
MERGED from [cn.jiguang.sdk:jpush:3.1.5] AndroidManifest.xml:19:5-68
	android:name
		ADDED from src\main\AndroidManifest.xml:71:22-65
uses-permission#android.permission.RECEIVE_BOOT_COMPLETED
ADDED from src\main\AndroidManifest.xml:72:5-81
	android:name
		ADDED from src\main\AndroidManifest.xml:72:22-78
uses-permission#android.permission.ACCESS_WIFI_STATE
ADDED from src\main\AndroidManifest.xml:75:5-76
MERGED from [:lib.5plus.base-release:] AndroidManifest.xml:22:5-76
MERGED from [cn.jiguang.sdk:jpush:3.1.5] AndroidManifest.xml:27:5-76
	android:name
		ADDED from src\main\AndroidManifest.xml:75:22-73
uses-permission#android.permission.CALL_PHONE
ADDED from src\main\AndroidManifest.xml:76:5-69
	android:name
		ADDED from src\main\AndroidManifest.xml:76:22-66
uses-permission#getui.permission.GetuiService.com.HBuilder.integrate
ADDED from src\main\AndroidManifest.xml:77:5-92
	android:name
		ADDED from src\main\AndroidManifest.xml:77:22-89
permission#getui.permission.GetuiService.com.HBuilder.integrate
ADDED from src\main\AndroidManifest.xml:79:5-81:44
	android:protectionLevel
		ADDED from src\main\AndroidManifest.xml:81:9-41
	android:name
		ADDED from src\main\AndroidManifest.xml:80:9-76
uses-permission#android.permission.MODIFY_AUDIO_SETTINGS
ADDED from src\main\AndroidManifest.xml:98:5-80
	android:name
		ADDED from src\main\AndroidManifest.xml:98:22-77
uses-permission#android.permission.RECORD_AUDIO
ADDED from src\main\AndroidManifest.xml:106:5-71
MERGED from [:lib.5plus.base-release:] AndroidManifest.xml:31:5-71
	android:name
		ADDED from src\main\AndroidManifest.xml:106:22-68
uses-permission#android.permission.CHANGE_NETWORK_STATE
ADDED from src\main\AndroidManifest.xml:109:5-79
MERGED from [:lib.5plus.base-release:] AndroidManifest.xml:20:5-79
MERGED from [cn.jiguang.sdk:jpush:3.1.5] AndroidManifest.xml:35:5-79
	android:name
		ADDED from src\main\AndroidManifest.xml:109:22-76
uses-permission#android.permission.RECEIVE_USER_PRESENT
ADDED from src\main\AndroidManifest.xml:118:5-79
MERGED from [cn.jiguang.sdk:jpush:3.1.5] AndroidManifest.xml:17:5-79
	android:name
		ADDED from src\main\AndroidManifest.xml:118:22-76
uses-permission#com.xiaomi.permission.AUTH_SERVICE
ADDED from src\main\AndroidManifest.xml:123:5-74
	android:name
		ADDED from src\main\AndroidManifest.xml:123:22-71
application
ADDED from src\main\AndroidManifest.xml:126:5-518:19
MERGED from [:lib.5plus.base-release:] AndroidManifest.xml:77:5-221:19
MERGED from [cn.jiguang.sdk:jcore:1.2.3] AndroidManifest.xml:11:5-12:19
MERGED from [cn.jiguang.sdk:jpush:3.1.5] AndroidManifest.xml:37:5-131:19
MERGED from [com.android.support:appcompat-v7:26.0.0-alpha1] AndroidManifest.xml:29:5-20
MERGED from [com.android.support:support-v4:26.0.0-alpha1] AndroidManifest.xml:29:5-20
MERGED from [com.android.support:support-compat:26.0.0-alpha1] AndroidManifest.xml:29:5-20
MERGED from [com.android.support:support-media-compat:26.0.0-alpha1] AndroidManifest.xml:29:5-20
MERGED from [com.android.support:support-core-utils:26.0.0-alpha1] AndroidManifest.xml:29:5-20
MERGED from [com.android.support:support-core-ui:26.0.0-alpha1] AndroidManifest.xml:29:5-20
MERGED from [com.android.support:support-fragment:26.0.0-alpha1] AndroidManifest.xml:29:5-20
MERGED from [com.android.support:support-vector-drawable:26.0.0-alpha1] AndroidManifest.xml:26:5-20
MERGED from [com.android.support:animated-vector-drawable:26.0.0-alpha1] AndroidManifest.xml:26:5-20
	android:label
		ADDED from src\main\AndroidManifest.xml:131:9-41
	android:supportsRtl
		ADDED from src\main\AndroidManifest.xml:133:9-35
	android:allowClearUserData
		ADDED from src\main\AndroidManifest.xml:129:9-42
	android:allowBackup
		ADDED from src\main\AndroidManifest.xml:128:9-35
	android:icon
		ADDED from src\main\AndroidManifest.xml:130:9-38
	android:largeHeap
		ADDED from src\main\AndroidManifest.xml:132:9-33
	android:name
		ADDED from src\main\AndroidManifest.xml:127:9-63
meta-data#UMENG_APPKEY
ADDED from src\main\AndroidManifest.xml:140:9-142:46
	android:value
		ADDED from src\main\AndroidManifest.xml:142:13-43
	android:name
		ADDED from src\main\AndroidManifest.xml:141:13-40
meta-data#UMENG_CHANNEL
ADDED from src\main\AndroidManifest.xml:143:9-145:42
	android:value
		ADDED from src\main\AndroidManifest.xml:145:13-39
	android:name
		ADDED from src\main\AndroidManifest.xml:144:13-41
meta-data#QQ_APPID
ADDED from src\main\AndroidManifest.xml:166:9-168:39
	android:value
		ADDED from src\main\AndroidManifest.xml:168:13-36
	android:name
		ADDED from src\main\AndroidManifest.xml:167:13-36
activity#com.tencent.tauth.AuthActivity
ADDED from src\main\AndroidManifest.xml:170:9-182:20
	android:launchMode
		ADDED from src\main\AndroidManifest.xml:172:13-44
	android:noHistory
		ADDED from src\main\AndroidManifest.xml:173:13-37
	android:name
		ADDED from src\main\AndroidManifest.xml:171:13-58
intent-filter#android.intent.action.VIEW+android.intent.category.BROWSABLE+android.intent.category.DEFAULT
ADDED from src\main\AndroidManifest.xml:174:13-181:29
action#android.intent.action.VIEW
ADDED from src\main\AndroidManifest.xml:175:17-69
	android:name
		ADDED from src\main\AndroidManifest.xml:175:25-66
category#android.intent.category.DEFAULT
ADDED from src\main\AndroidManifest.xml:177:17-76
	android:name
		ADDED from src\main\AndroidManifest.xml:177:27-73
category#android.intent.category.BROWSABLE
ADDED from src\main\AndroidManifest.xml:178:17-78
	android:name
		ADDED from src\main\AndroidManifest.xml:178:27-75
data
ADDED from src\main\AndroidManifest.xml:180:17-50
	android:scheme
		ADDED from src\main\AndroidManifest.xml:180:23-47
activity#com.tencent.connect.common.AssistActivity
ADDED from src\main\AndroidManifest.xml:183:9-186:75
	android:screenOrientation
		ADDED from src\main\AndroidManifest.xml:185:13-49
	android:theme
		ADDED from src\main\AndroidManifest.xml:186:13-72
	android:name
		ADDED from src\main\AndroidManifest.xml:184:13-69
meta-data#IFLY_APPKEY
ADDED from src\main\AndroidManifest.xml:200:9-202:40
	android:value
		ADDED from src\main\AndroidManifest.xml:202:13-37
	android:name
		ADDED from src\main\AndroidManifest.xml:201:13-39
meta-data#PUSH_APPID
ADDED from src\main\AndroidManifest.xml:212:9-214:54
	android:value
		ADDED from src\main\AndroidManifest.xml:214:13-51
	android:name
		ADDED from src\main\AndroidManifest.xml:213:13-38
meta-data#PUSH_APPKEY
ADDED from src\main\AndroidManifest.xml:215:9-217:54
	android:value
		ADDED from src\main\AndroidManifest.xml:217:13-51
	android:name
		ADDED from src\main\AndroidManifest.xml:216:13-39
meta-data#PUSH_APPSECRET
ADDED from src\main\AndroidManifest.xml:218:9-220:54
	android:value
		ADDED from src\main\AndroidManifest.xml:220:13-51
	android:name
		ADDED from src\main\AndroidManifest.xml:219:13-42
service#com.igexin.sdk.PushService
ADDED from src\main\AndroidManifest.xml:222:9-230:19
	android:process
		ADDED from src\main\AndroidManifest.xml:226:13-43
	android:label
		ADDED from src\main\AndroidManifest.xml:225:13-47
	android:exported
		ADDED from src\main\AndroidManifest.xml:224:13-36
	android:name
		ADDED from src\main\AndroidManifest.xml:223:13-54
intent-filter#com.igexin.sdk.action.service.message
ADDED from src\main\AndroidManifest.xml:227:13-229:29
action#com.igexin.sdk.action.service.message
ADDED from src\main\AndroidManifest.xml:228:17-80
	android:name
		ADDED from src\main\AndroidManifest.xml:228:25-77
receiver#com.igexin.sdk.PushReceiver
ADDED from src\main\AndroidManifest.xml:232:9-242:20
	android:name
		ADDED from src\main\AndroidManifest.xml:232:19-61
intent-filter#android.intent.action.ACTION_POWER_CONNECTED+android.intent.action.ACTION_POWER_DISCONNECTED+android.intent.action.BOOT_COMPLETED+android.intent.action.MEDIA_MOUNTED+android.intent.action.USER_PRESENT+android.net.conn.CONNECTIVITY_CHANGE+com.igexin.sdk.action.refreshls
ADDED from src\main\AndroidManifest.xml:233:13-241:29
action#android.intent.action.BOOT_COMPLETED
ADDED from src\main\AndroidManifest.xml:234:17-79
	android:name
		ADDED from src\main\AndroidManifest.xml:234:25-76
action#android.net.conn.CONNECTIVITY_CHANGE
ADDED from src\main\AndroidManifest.xml:235:17-79
	android:name
		ADDED from src\main\AndroidManifest.xml:235:25-76
action#android.intent.action.USER_PRESENT
ADDED from src\main\AndroidManifest.xml:236:17-77
	android:name
		ADDED from src\main\AndroidManifest.xml:236:25-74
action#com.igexin.sdk.action.refreshls
ADDED from src\main\AndroidManifest.xml:237:17-74
	android:name
		ADDED from src\main\AndroidManifest.xml:237:25-71
action#android.intent.action.MEDIA_MOUNTED
ADDED from src\main\AndroidManifest.xml:238:17-78
	android:name
		ADDED from src\main\AndroidManifest.xml:238:25-75
action#android.intent.action.ACTION_POWER_CONNECTED
ADDED from src\main\AndroidManifest.xml:239:17-87
	android:name
		ADDED from src\main\AndroidManifest.xml:239:25-84
action#android.intent.action.ACTION_POWER_DISCONNECTED
ADDED from src\main\AndroidManifest.xml:240:17-90
	android:name
		ADDED from src\main\AndroidManifest.xml:240:25-87
activity#com.igexin.sdk.PushActivity
ADDED from src\main\AndroidManifest.xml:244:9-250:75
	android:process
		ADDED from src\main\AndroidManifest.xml:248:13-43
	android:excludeFromRecents
		ADDED from src\main\AndroidManifest.xml:246:13-46
	android:exported
		ADDED from src\main\AndroidManifest.xml:247:13-37
	android:theme
		ADDED from src\main\AndroidManifest.xml:250:13-72
	android:taskAffinity
		ADDED from src\main\AndroidManifest.xml:249:13-67
	android:name
		ADDED from src\main\AndroidManifest.xml:245:13-55
activity#com.igexin.sdk.GActivity
ADDED from src\main\AndroidManifest.xml:251:9-257:75
	android:process
		ADDED from src\main\AndroidManifest.xml:255:13-43
	android:excludeFromRecents
		ADDED from src\main\AndroidManifest.xml:253:13-46
	android:exported
		ADDED from src\main\AndroidManifest.xml:254:13-36
	android:theme
		ADDED from src\main\AndroidManifest.xml:257:13-72
	android:taskAffinity
		ADDED from src\main\AndroidManifest.xml:256:13-67
	android:name
		ADDED from src\main\AndroidManifest.xml:252:13-52
receiver#io.dcloud.feature.apsGt.GTNotificationReceiver
ADDED from src\main\AndroidManifest.xml:259:9-267:20
	android:name
		ADDED from src\main\AndroidManifest.xml:259:19-80
intent-filter#android.intent.action.BOOT_COMPLETED+com.HBuilder.integrate.__CLEAR_NOTIFICATION+com.HBuilder.integrate.__CLILK_NOTIFICATION+com.HBuilder.integrate.__CREATE_NOTIFICATION+com.HBuilder.integrate.__REMOVE_NOTIFICATION
ADDED from src\main\AndroidManifest.xml:260:13-266:29
action#com.HBuilder.integrate.__CREATE_NOTIFICATION
ADDED from src\main\AndroidManifest.xml:262:17-87
	android:name
		ADDED from src\main\AndroidManifest.xml:262:25-84
action#com.HBuilder.integrate.__REMOVE_NOTIFICATION
ADDED from src\main\AndroidManifest.xml:263:17-87
	android:name
		ADDED from src\main\AndroidManifest.xml:263:25-84
action#com.HBuilder.integrate.__CLEAR_NOTIFICATION
ADDED from src\main\AndroidManifest.xml:264:17-86
	android:name
		ADDED from src\main\AndroidManifest.xml:264:25-83
action#com.HBuilder.integrate.__CLILK_NOTIFICATION
ADDED from src\main\AndroidManifest.xml:265:17-86
	android:name
		ADDED from src\main\AndroidManifest.xml:265:25-83
service#io.dcloud.feature.apsGt.GTNormalIntentService
ADDED from src\main\AndroidManifest.xml:268:9-269:75
	android:name
		ADDED from src\main\AndroidManifest.xml:269:13-73
service#io.dcloud.feature.apsGt.GTNormalPushService
ADDED from src\main\AndroidManifest.xml:270:9-274:54
	android:process
		ADDED from src\main\AndroidManifest.xml:274:13-43
	android:label
		ADDED from src\main\AndroidManifest.xml:273:13-40
	android:exported
		ADDED from src\main\AndroidManifest.xml:272:13-36
	android:name
		ADDED from src\main\AndroidManifest.xml:271:13-71
meta-data#SINA_REDIRECT_URI
ADDED from src\main\AndroidManifest.xml:282:9-284:53
	android:value
		ADDED from src\main\AndroidManifest.xml:284:13-50
	android:name
		ADDED from src\main\AndroidManifest.xml:283:13-45
meta-data#SINA_SECRET
ADDED from src\main\AndroidManifest.xml:285:9-287:53
	android:value
		ADDED from src\main\AndroidManifest.xml:287:13-50
	android:name
		ADDED from src\main\AndroidManifest.xml:286:13-39
meta-data#SINA_APPKEY
ADDED from src\main\AndroidManifest.xml:288:9-290:65
	android:value
		ADDED from src\main\AndroidManifest.xml:290:13-62
	android:name
		ADDED from src\main\AndroidManifest.xml:289:13-39
activity#com.sina.weibo.sdk.web.WeiboSdkWebActivity
ADDED from src\main\AndroidManifest.xml:292:9-296:67
	android:exported
		ADDED from src\main\AndroidManifest.xml:295:13-37
	android:windowSoftInputMode
		ADDED from src\main\AndroidManifest.xml:296:13-55
	android:configChanges
		ADDED from src\main\AndroidManifest.xml:294:13-63
	android:name
		ADDED from src\main\AndroidManifest.xml:293:13-70
activity#com.sina.weibo.sdk.share.WbShareTransActivity
ADDED from src\main\AndroidManifest.xml:297:9-306:20
	android:launchMode
		ADDED from src\main\AndroidManifest.xml:299:13-44
	android:theme
		ADDED from src\main\AndroidManifest.xml:300:13-83
	android:name
		ADDED from src\main\AndroidManifest.xml:298:13-73
intent-filter#android.intent.category.DEFAULT+com.sina.weibo.sdk.action.ACTION_SDK_REQ_ACTIVITY
ADDED from src\main\AndroidManifest.xml:301:13-305:29
action#com.sina.weibo.sdk.action.ACTION_SDK_REQ_ACTIVITY
ADDED from src\main\AndroidManifest.xml:302:17-92
	android:name
		ADDED from src\main\AndroidManifest.xml:302:25-89
meta-data#TENCENT_REDIRECT_URI
ADDED from src\main\AndroidManifest.xml:312:9-314:53
	android:value
		ADDED from src\main\AndroidManifest.xml:314:13-50
	android:name
		ADDED from src\main\AndroidManifest.xml:313:13-48
meta-data#TENCENT_SECRET
ADDED from src\main\AndroidManifest.xml:315:9-317:53
	android:value
		ADDED from src\main\AndroidManifest.xml:317:13-50
	android:name
		ADDED from src\main\AndroidManifest.xml:316:13-42
meta-data#TENCENT_APPKEY
ADDED from src\main\AndroidManifest.xml:318:9-320:65
	android:value
		ADDED from src\main\AndroidManifest.xml:320:13-62
	android:name
		ADDED from src\main\AndroidManifest.xml:319:13-42
activity#io.dcloud.share.tencent.WebAuthorize
ADDED from src\main\AndroidManifest.xml:322:9-324:72
	android:theme
		ADDED from src\main\AndroidManifest.xml:324:13-60
	android:name
		ADDED from src\main\AndroidManifest.xml:323:13-64
meta-data#WX_SECRET
ADDED from src\main\AndroidManifest.xml:326:9-328:64
	android:value
		ADDED from src\main\AndroidManifest.xml:328:13-61
	android:name
		ADDED from src\main\AndroidManifest.xml:327:13-37
meta-data#WX_APPID
ADDED from src\main\AndroidManifest.xml:329:9-331:50
	android:value
		ADDED from src\main\AndroidManifest.xml:331:13-47
	android:name
		ADDED from src\main\AndroidManifest.xml:330:13-36
activity#com.HBuilder.integrate.wxapi.WXEntryActivity
ADDED from src\main\AndroidManifest.xml:333:9-345:20
	android:label
		ADDED from src\main\AndroidManifest.xml:336:13-45
	android:launchMode
		ADDED from src\main\AndroidManifest.xml:337:13-43
	android:exported
		ADDED from src\main\AndroidManifest.xml:335:13-36
	android:name
		ADDED from src\main\AndroidManifest.xml:334:13-72
intent-filter#android.intent.action.VIEW+android.intent.category.DEFAULT
ADDED from src\main\AndroidManifest.xml:338:13-344:29
activity#com.alipay.sdk.app.H5PayActivity
ADDED from src\main\AndroidManifest.xml:350:9-355:79
	android:screenOrientation
		ADDED from src\main\AndroidManifest.xml:354:13-47
	android:exported
		ADDED from src\main\AndroidManifest.xml:353:13-37
	android:windowSoftInputMode
		ADDED from src\main\AndroidManifest.xml:355:13-67
	android:configChanges
		ADDED from src\main\AndroidManifest.xml:352:13-74
	android:name
		ADDED from src\main\AndroidManifest.xml:351:13-60
activity#com.alipay.sdk.auth.AuthActivity
ADDED from src\main\AndroidManifest.xml:356:9-360:59
	android:screenOrientation
		ADDED from src\main\AndroidManifest.xml:360:13-47
	android:exported
		ADDED from src\main\AndroidManifest.xml:359:13-37
	android:configChanges
		ADDED from src\main\AndroidManifest.xml:358:13-74
	android:name
		ADDED from src\main\AndroidManifest.xml:357:13-60
activity#com.HBuilder.integrate.wxapi.WXPayEntryActivity
ADDED from src\main\AndroidManifest.xml:365:9-368:46
	android:launchMode
		ADDED from src\main\AndroidManifest.xml:368:13-43
	android:exported
		ADDED from src\main\AndroidManifest.xml:367:13-36
	android:name
		ADDED from src\main\AndroidManifest.xml:366:13-75
meta-data#MIUI_APPID
ADDED from src\main\AndroidManifest.xml:376:9-378:45
	android:value
		ADDED from src\main\AndroidManifest.xml:378:13-42
	android:name
		ADDED from src\main\AndroidManifest.xml:377:13-38
meta-data#MIUI_APPSECRET
ADDED from src\main\AndroidManifest.xml:379:9-381:48
	android:value
		ADDED from src\main\AndroidManifest.xml:381:13-45
	android:name
		ADDED from src\main\AndroidManifest.xml:380:13-42
meta-data#MIUI_REDIRECT_URI
ADDED from src\main\AndroidManifest.xml:382:9-384:43
	android:value
		ADDED from src\main\AndroidManifest.xml:384:13-40
	android:name
		ADDED from src\main\AndroidManifest.xml:383:13-45
activity#com.xiaomi.account.openauth.AuthorizeActivity
ADDED from src\main\AndroidManifest.xml:386:9-82
	android:name
		ADDED from src\main\AndroidManifest.xml:386:19-79
service#com.xiaomi.push.service.XMPushService
ADDED from src\main\AndroidManifest.xml:397:9-400:46
	android:enabled
		ADDED from src\main\AndroidManifest.xml:399:13-35
	android:process
		ADDED from src\main\AndroidManifest.xml:400:13-43
	android:name
		ADDED from src\main\AndroidManifest.xml:398:13-65
service#com.xiaomi.push.service.XMJobService
ADDED from src\main\AndroidManifest.xml:401:9-406:46
	android:enabled
		ADDED from src\main\AndroidManifest.xml:403:13-35
	android:process
		ADDED from src\main\AndroidManifest.xml:406:13-43
	android:exported
		ADDED from src\main\AndroidManifest.xml:404:13-37
	android:permission
		ADDED from src\main\AndroidManifest.xml:405:13-69
	android:name
		ADDED from src\main\AndroidManifest.xml:402:13-64
service#com.xiaomi.mipush.sdk.PushMessageHandler
ADDED from src\main\AndroidManifest.xml:407:9-410:39
	android:enabled
		ADDED from src\main\AndroidManifest.xml:409:13-35
	android:exported
		ADDED from src\main\AndroidManifest.xml:410:13-36
	android:name
		ADDED from src\main\AndroidManifest.xml:408:13-68
service#com.xiaomi.mipush.sdk.MessageHandleService
ADDED from src\main\AndroidManifest.xml:411:9-413:38
	android:enabled
		ADDED from src\main\AndroidManifest.xml:413:13-35
	android:name
		ADDED from src\main\AndroidManifest.xml:412:13-70
receiver#com.xiaomi.push.service.receivers.NetworkStatusReceiver
ADDED from src\main\AndroidManifest.xml:415:9-423:20
	android:exported
		ADDED from src\main\AndroidManifest.xml:417:13-36
	android:name
		ADDED from src\main\AndroidManifest.xml:416:13-83
intent-filter#android.intent.category.DEFAULT+android.net.conn.CONNECTIVITY_CHANGE
ADDED from src\main\AndroidManifest.xml:418:13-422:29
receiver#com.xiaomi.push.service.receivers.PingReceiver
ADDED from src\main\AndroidManifest.xml:424:9-431:20
	android:process
		ADDED from src\main\AndroidManifest.xml:427:13-43
	android:exported
		ADDED from src\main\AndroidManifest.xml:426:13-37
	android:name
		ADDED from src\main\AndroidManifest.xml:425:13-74
intent-filter#com.xiaomi.push.PING_TIMER
ADDED from src\main\AndroidManifest.xml:428:13-430:29
action#com.xiaomi.push.PING_TIMER
ADDED from src\main\AndroidManifest.xml:429:17-69
	android:name
		ADDED from src\main\AndroidManifest.xml:429:25-66
receiver#io.dcloud.feature.apsXm.XMMessageReceiver
ADDED from src\main\AndroidManifest.xml:432:9-444:20
	android:exported
		ADDED from src\main\AndroidManifest.xml:434:13-36
	android:name
		ADDED from src\main\AndroidManifest.xml:433:13-69
intent-filter#com.xiaomi.mipush.RECEIVE_MESSAGE
ADDED from src\main\AndroidManifest.xml:435:13-437:29
action#com.xiaomi.mipush.RECEIVE_MESSAGE
ADDED from src\main\AndroidManifest.xml:436:17-76
	android:name
		ADDED from src\main\AndroidManifest.xml:436:25-73
intent-filter#com.xiaomi.mipush.MESSAGE_ARRIVED
ADDED from src\main\AndroidManifest.xml:438:13-440:29
action#com.xiaomi.mipush.MESSAGE_ARRIVED
ADDED from src\main\AndroidManifest.xml:439:17-76
	android:name
		ADDED from src\main\AndroidManifest.xml:439:25-73
intent-filter#com.xiaomi.mipush.ERROR
ADDED from src\main\AndroidManifest.xml:441:13-443:29
action#com.xiaomi.mipush.ERROR
ADDED from src\main\AndroidManifest.xml:442:17-66
	android:name
		ADDED from src\main\AndroidManifest.xml:442:25-63
receiver#io.dcloud.feature.apsXm.XMNotificationReceiver
ADDED from src\main\AndroidManifest.xml:445:9-455:20
	android:exported
		ADDED from src\main\AndroidManifest.xml:447:13-36
	android:name
		ADDED from src\main\AndroidManifest.xml:446:13-74
activity#com.yy.app.AppService
ADDED from src\main\AndroidManifest.xml:463:9-479:20
	android:screenOrientation
		ADDED from src\main\AndroidManifest.xml:467:13-49
	android:hardwareAccelerated
		ADDED from src\main\AndroidManifest.xml:466:13-47
	android:windowSoftInputMode
		ADDED from src\main\AndroidManifest.xml:469:13-55
	android:configChanges
		ADDED from src\main\AndroidManifest.xml:465:13-92
	android:theme
		ADDED from src\main\AndroidManifest.xml:468:13-52
	android:name
		ADDED from src\main\AndroidManifest.xml:464:13-49
intent-filter#android.intent.action.MAIN+android.intent.category.LAUNCHER
ADDED from src\main\AndroidManifest.xml:471:13-478:29
action#android.intent.action.MAIN
ADDED from src\main\AndroidManifest.xml:473:17-474:65
	android:name
		ADDED from src\main\AndroidManifest.xml:474:21-62
category#android.intent.category.LAUNCHER
ADDED from src\main\AndroidManifest.xml:476:17-477:71
	android:name
		ADDED from src\main\AndroidManifest.xml:477:21-68
meta-data#DCLOUD_STREAMAPP_CHANNEL
ADDED from src\main\AndroidManifest.xml:484:9-486:62
	android:value
		ADDED from src\main\AndroidManifest.xml:486:13-59
	android:name
		ADDED from src\main\AndroidManifest.xml:485:13-52
activity#com.HBuilder.integrate.SDK_WebApp
ADDED from src\main\AndroidManifest.xml:491:9-496:20
	android:screenOrientation
		ADDED from src\main\AndroidManifest.xml:494:13-45
	android:configChanges
		ADDED from src\main\AndroidManifest.xml:493:13-112
	android:theme
		ADDED from src\main\AndroidManifest.xml:495:13-47
	android:name
		ADDED from src\main\AndroidManifest.xml:492:13-61
activity#com.HBuilder.integrate.SDK_WebView
ADDED from src\main\AndroidManifest.xml:497:9-501:59
	android:screenOrientation
		ADDED from src\main\AndroidManifest.xml:500:13-47
	android:configChanges
		ADDED from src\main\AndroidManifest.xml:499:13-112
	android:theme
		ADDED from src\main\AndroidManifest.xml:501:13-47
	android:name
		ADDED from src\main\AndroidManifest.xml:498:13-62
receiver#io.dcloud.feature.jpush.JPushReceiver
ADDED from src\main\AndroidManifest.xml:503:9-517:20
	android:enabled
		ADDED from src\main\AndroidManifest.xml:505:13-35
	android:exported
		ADDED from src\main\AndroidManifest.xml:506:13-37
	android:name
		ADDED from src\main\AndroidManifest.xml:504:13-65
intent-filter#${JPUSH_PKGNAME}+cn.jpush.android.intent.ACTION_RICHPUSH_CALLBACK+cn.jpush.android.intent.CONNECTION+cn.jpush.android.intent.MESSAGE_RECEIVED+cn.jpush.android.intent.NOTIFICATION_OPENED+cn.jpush.android.intent.NOTIFICATION_RECEIVED+cn.jpush.android.intent.REGISTRATION+cn.jpush.android.intent.UNREGISTRATION
ADDED from src\main\AndroidManifest.xml:507:13-516:29
action#cn.jpush.android.intent.REGISTRATION
ADDED from src\main\AndroidManifest.xml:508:17-79
	android:name
		ADDED from src\main\AndroidManifest.xml:508:25-76
action#cn.jpush.android.intent.UNREGISTRATION
ADDED from src\main\AndroidManifest.xml:509:17-81
	android:name
		ADDED from src\main\AndroidManifest.xml:509:25-78
action#cn.jpush.android.intent.MESSAGE_RECEIVED
ADDED from src\main\AndroidManifest.xml:510:17-83
	android:name
		ADDED from src\main\AndroidManifest.xml:510:25-80
action#cn.jpush.android.intent.NOTIFICATION_RECEIVED
ADDED from src\main\AndroidManifest.xml:511:17-88
	android:name
		ADDED from src\main\AndroidManifest.xml:511:25-85
action#cn.jpush.android.intent.NOTIFICATION_OPENED
ADDED from src\main\AndroidManifest.xml:512:17-86
	android:name
		ADDED from src\main\AndroidManifest.xml:512:25-83
action#cn.jpush.android.intent.ACTION_RICHPUSH_CALLBACK
ADDED from src\main\AndroidManifest.xml:513:17-91
	android:name
		ADDED from src\main\AndroidManifest.xml:513:25-88
action#cn.jpush.android.intent.CONNECTION
ADDED from src\main\AndroidManifest.xml:514:17-77
	android:name
		ADDED from src\main\AndroidManifest.xml:514:25-74
category#${JPUSH_PKGNAME}
ADDED from src\main\AndroidManifest.xml:515:17-61
	android:name
		ADDED from src\main\AndroidManifest.xml:515:27-58
		INJECTED from src\main\AndroidManifest.xml
uses-sdk
INJECTED from src\main\AndroidManifest.xml reason: use-sdk injection requested
MERGED from [com.android.support:multidex:1.0.1] AndroidManifest.xml:18:5-42
MERGED from [:lib.5plus.base-release:] AndroidManifest.xml:7:5-44
MERGED from [cn.jiguang.sdk:jcore:1.2.3] AndroidManifest.xml:7:5-9:41
MERGED from [cn.jiguang.sdk:jpush:3.1.5] AndroidManifest.xml:7:5-9:41
MERGED from [com.android.support:appcompat-v7:26.0.0-alpha1] AndroidManifest.xml:21:5-23:78